<?xml version="1.0" encoding="UTF-8"?>
<!-- Generated by org.testng.reporters.JUnitReportReporter -->
<testsuite hostname="Veronika" failures="0" tests="1" name="com.herokuapp.theinternet.PositiveTests" time="21.480" errors="0" timestamp="2019-12-24T20:54:25 MSK" skipped="0">
  <testcase classname="com.herokuapp.theinternet.PositiveTests" name="loginTest" time="21.480"/>
</testsuite> <!-- com.herokuapp.theinternet.PositiveTests -->
