<?xml version="1.0" encoding="UTF-8"?>
<!-- Generated by org.testng.reporters.JUnitReportReporter -->
<testsuite hostname="Veronika" failures="0" tests="2" name="com.herokuapp.theinternet.NegativeTests" time="38.816" errors="0" timestamp="2019-12-30T18:36:06 MSK" skipped="0">
  <testcase classname="com.herokuapp.theinternet.NegativeTests" name="negativeLoginTest" time="18.027"/>
  <testcase classname="com.herokuapp.theinternet.NegativeTests" name="negativeLoginTest" time="20.789"/>
</testsuite> <!-- com.herokuapp.theinternet.NegativeTests -->
