<?xml version="1.0" encoding="UTF-8"?>
<!-- Generated by org.testng.reporters.JUnitReportReporter -->
<testsuite hostname="Veronika" failures="0" tests="1" name="com.herokuapp.theinternet.ExceptionsTests" time="21.806" errors="0" timestamp="2020-01-24T13:28:31 MSK" skipped="0">
  <testcase classname="com.herokuapp.theinternet.ExceptionsTests" name="staleElementTest" time="21.806"/>
</testsuite> <!-- com.herokuapp.theinternet.ExceptionsTests -->
